0 info it worked if it ends with ok
1 verbose cli [ '/home/trey/.nvm/versions/node/v5.10.1/bin/node',
1 verbose cli   '/home/trey/.nvm/versions/node/v5.10.1/bin/npm',
1 verbose cli   'start' ]
2 info using npm@3.8.3
3 info using node@v5.10.1
4 verbose run-script [ 'prestart', 'start', 'poststart' ]
5 info lifecycle reveal.js@3.3.0~prestart: reveal.js@3.3.0
6 silly lifecycle reveal.js@3.3.0~prestart: no script for prestart, continuing
7 info lifecycle reveal.js@3.3.0~start: reveal.js@3.3.0
8 verbose lifecycle reveal.js@3.3.0~start: unsafe-perm in lifecycle true
9 verbose lifecycle reveal.js@3.3.0~start: PATH: /home/trey/.nvm/versions/node/v5.10.1/lib/node_modules/npm/bin/node-gyp-bin:/home/trey/repos/teaching/readability-counts/node_modules/.bin:/home/trey/.nvm/versions/node/v5.10.1/bin:/home/trey/.avn/bin:./node_modules/.bin:/usr/local/heroku/bin:/home/trey/.cabal/bin:/home/trey/.nvm/versions/node/v5.10.1/bin:/home/trey/.rbenv/shims:/home/trey/.rbenv/bin:/home/trey/bin:/home/trey/bin:/usr/local/sbin:/usr/local/bin:/usr/sbin:/usr/bin:/sbin:/bin:/usr/games:/usr/local/games:/home/trey/.local/bin
10 verbose lifecycle reveal.js@3.3.0~start: CWD: /home/trey/repos/teaching/readability-counts
11 silly lifecycle reveal.js@3.3.0~start: Args: [ '-c', 'grunt serve' ]
12 silly lifecycle reveal.js@3.3.0~start: Returned: code: 1  signal: null
13 info lifecycle reveal.js@3.3.0~start: Failed to exec start script
14 verbose stack Error: reveal.js@3.3.0 start: `grunt serve`
14 verbose stack Exit status 1
14 verbose stack     at EventEmitter.<anonymous> (/home/trey/.nvm/versions/node/v5.10.1/lib/node_modules/npm/lib/utils/lifecycle.js:239:16)
14 verbose stack     at emitTwo (events.js:100:13)
14 verbose stack     at EventEmitter.emit (events.js:185:7)
14 verbose stack     at ChildProcess.<anonymous> (/home/trey/.nvm/versions/node/v5.10.1/lib/node_modules/npm/lib/utils/spawn.js:24:14)
14 verbose stack     at emitTwo (events.js:100:13)
14 verbose stack     at ChildProcess.emit (events.js:185:7)
14 verbose stack     at maybeClose (internal/child_process.js:850:16)
14 verbose stack     at Process.ChildProcess._handle.onexit (internal/child_process.js:215:5)
15 verbose pkgid reveal.js@3.3.0
16 verbose cwd /home/trey/repos/teaching/readability-counts
17 error Linux 3.13.0-88-generic
18 error argv "/home/trey/.nvm/versions/node/v5.10.1/bin/node" "/home/trey/.nvm/versions/node/v5.10.1/bin/npm" "start"
19 error node v5.10.1
20 error npm  v3.8.3
21 error code ELIFECYCLE
22 error reveal.js@3.3.0 start: `grunt serve`
22 error Exit status 1
23 error Failed at the reveal.js@3.3.0 start script 'grunt serve'.
23 error Make sure you have the latest version of node.js and npm installed.
23 error If you do, this is most likely a problem with the reveal.js package,
23 error not with npm itself.
23 error Tell the author that this fails on your system:
23 error     grunt serve
23 error You can get information on how to open an issue for this project with:
23 error     npm bugs reveal.js
23 error Or if that isn't available, you can get their info via:
23 error     npm owner ls reveal.js
23 error There is likely additional logging output above.
24 verbose exit [ 1, true ]
